<?xml version="1.0" encoding="UTF-8"?>
<!-- Generated by org.testng.reporters.JUnitReportReporter -->
<testsuite skipped="0" hostname="DESKTOP-N770I1M" name="com.maveric.testcases.TransactionDetails" tests="1" failures="0" timestamp="21 Jul 2020 09:23:56 GMT" time="7.920" errors="0">
  <testcase name="transactionDetails" time="7.920" classname="com.maveric.testcases.TransactionDetails"/>
</testsuite> <!-- com.maveric.testcases.TransactionDetails -->
